Jan 30 20:26:39 Updated: systemd-libs-219-62.el7_6.2.x86_64
Jan 30 20:26:41 Updated: systemd-219-62.el7_6.2.x86_64
Jan 30 20:26:41 Updated: systemd-sysv-219-62.el7_6.2.x86_64
Jan 30 20:26:42 Updated: tzdata-2018i-1.el7.noarch
Jan 30 20:27:46 Installed: mpfr-3.1.1-4.el7.x86_64
Jan 30 20:27:46 Installed: libmpc-1.0.1-3.el7.x86_64
Jan 30 20:27:46 Installed: zlib-devel-1.2.7-18.el7.x86_64
Jan 30 20:27:46 Installed: m4-1.4.16-10.el7.x86_64
Jan 30 20:27:47 Installed: cpp-4.8.5-36.el7.x86_64
Jan 30 20:27:47 Installed: libsepol-devel-2.5-10.el7.x86_64
Jan 30 20:27:48 Installed: kernel-headers-3.10.0-957.1.3.el7.x86_64
Jan 30 20:27:48 Installed: glibc-headers-2.17-260.el7.x86_64
Jan 30 20:27:48 Installed: glibc-devel-2.17-260.el7.x86_64
Jan 30 20:27:48 Installed: libkadm5-1.15.1-34.el7.x86_64
Jan 30 20:27:48 Installed: libverto-devel-0.2.5-4.el7.x86_64
Jan 30 20:27:48 Installed: libcom_err-devel-1.42.9-13.el7.x86_64
Jan 30 20:27:48 Installed: pcre-devel-8.32-17.el7.x86_64
Jan 30 20:27:49 Installed: libselinux-devel-2.5-14.1.el7.x86_64
Jan 30 20:27:49 Installed: keyutils-libs-devel-1.5.8-3.el7.x86_64
Jan 30 20:27:49 Installed: krb5-devel-1.15.1-34.el7.x86_64
Jan 30 20:27:50 Installed: 1:openssl-devel-1.0.2k-16.el7.x86_64
Jan 30 20:27:51 Installed: gcc-4.8.5-36.el7.x86_64
Jan 30 20:27:51 Installed: flex-2.5.37-6.el7.x86_64
Jan 30 20:27:52 Installed: bison-3.0.4-2.el7.x86_64
Jan 30 20:27:52 Installed: elfutils-libelf-devel-0.172-2.el7.x86_64
Jan 30 20:27:52 Installed: ncurses-devel-5.9-14.20130511.el7_4.x86_64
Jan 30 20:27:52 Installed: bc-1.06.95-13.el7.x86_64
Jan 30 20:29:57 Installed: wget-1.14-18.el7.x86_64
Jan 30 21:30:07 Installed: 1:perl-parent-0.225-244.el7.noarch
Jan 30 21:30:07 Installed: perl-HTTP-Tiny-0.033-3.el7.noarch
Jan 30 21:30:07 Installed: perl-podlators-2.5.1-3.el7.noarch
Jan 30 21:30:08 Installed: perl-Pod-Perldoc-3.20-4.el7.noarch
Jan 30 21:30:08 Installed: 1:perl-Pod-Escapes-1.04-294.el7_6.noarch
Jan 30 21:30:08 Installed: perl-Text-ParseWords-3.29-4.el7.noarch
Jan 30 21:30:08 Installed: perl-Encode-2.51-7.el7.x86_64
Jan 30 21:30:08 Installed: perl-Pod-Usage-1.63-3.el7.noarch
Jan 30 21:30:08 Installed: 4:perl-libs-5.16.3-294.el7_6.x86_64
Jan 30 21:30:08 Installed: 4:perl-macros-5.16.3-294.el7_6.x86_64
Jan 30 21:30:08 Installed: perl-Storable-2.45-3.el7.x86_64
Jan 30 21:30:08 Installed: perl-Exporter-5.68-3.el7.noarch
Jan 30 21:30:08 Installed: perl-constant-1.27-2.el7.noarch
Jan 30 21:30:08 Installed: perl-Time-Local-1.2300-2.el7.noarch
Jan 30 21:30:08 Installed: perl-Carp-1.26-244.el7.noarch
Jan 30 21:30:08 Installed: 4:perl-Time-HiRes-1.9725-3.el7.x86_64
Jan 30 21:30:08 Installed: perl-PathTools-3.40-5.el7.x86_64
Jan 30 21:30:08 Installed: perl-Scalar-List-Utils-1.27-248.el7.x86_64
Jan 30 21:30:08 Installed: perl-File-Temp-0.23.01-3.el7.noarch
Jan 30 21:30:08 Installed: perl-File-Path-2.09-2.el7.noarch
Jan 30 21:30:08 Installed: perl-threads-shared-1.43-6.el7.x86_64
Jan 30 21:30:09 Installed: perl-threads-1.87-4.el7.x86_64
Jan 30 21:30:09 Installed: perl-Filter-1.49-3.el7.x86_64
Jan 30 21:30:09 Installed: perl-Socket-2.010-4.el7.x86_64
Jan 30 21:30:09 Installed: 1:perl-Pod-Simple-3.28-4.el7.noarch
Jan 30 21:30:09 Installed: perl-Getopt-Long-2.40-3.el7.noarch
Jan 30 21:30:11 Installed: 4:perl-5.16.3-294.el7_6.x86_64
Jan 31 19:05:01 Installed: xz-lzma-compat-5.2.2-1.el7.x86_64
Jan 31 19:32:40 Installed: kernel-ml-4.20.6-1.el7.elrepo.x86_64
Feb 02 18:47:55 Updated: glibc-common-2.17-260.el7_6.3.x86_64
Feb 02 18:47:58 Updated: glibc-2.17-260.el7_6.3.x86_64
Feb 02 18:47:59 Updated: 1:grub2-common-2.02-0.76.el7.centos.1.noarch
Feb 02 18:47:59 Updated: nss-util-3.36.0-1.1.el7_6.x86_64
Feb 02 18:48:00 Updated: krb5-libs-1.15.1-37.el7_6.x86_64
Feb 02 18:48:00 Updated: systemd-libs-219-62.el7_6.3.x86_64
Feb 02 18:48:06 Updated: systemd-219-62.el7_6.3.x86_64
Feb 02 18:48:07 Updated: policycoreutils-2.5-29.el7_6.1.x86_64
Feb 02 18:48:27 Updated: selinux-policy-3.13.1-229.el7_6.9.noarch
Feb 02 18:48:27 Updated: 7:device-mapper-libs-1.02.149-10.el7_6.3.x86_64
Feb 02 18:48:27 Updated: 7:device-mapper-1.02.149-10.el7_6.3.x86_64
Feb 02 18:48:27 Updated: 1:grub2-tools-minimal-2.02-0.76.el7.centos.1.x86_64
Feb 02 18:48:28 Updated: 1:grub2-tools-2.02-0.76.el7.centos.1.x86_64
Feb 02 18:48:28 Updated: libkadm5-1.15.1-37.el7_6.x86_64
Feb 02 18:48:29 Updated: nss-3.36.0-7.1.el7_6.x86_64
Feb 02 18:48:29 Updated: nss-sysinit-3.36.0-7.1.el7_6.x86_64
Feb 02 18:48:29 Updated: nss-tools-3.36.0-7.1.el7_6.x86_64
Feb 02 18:48:30 Updated: 1:grub2-pc-modules-2.02-0.76.el7.centos.1.noarch
Feb 02 18:48:31 Updated: kernel-tools-libs-3.10.0-957.5.1.el7.x86_64
Feb 02 18:48:31 Updated: freetype-2.8-12.el7_6.1.x86_64
Feb 02 18:48:32 Updated: 1:grub2-tools-extra-2.02-0.76.el7.centos.1.x86_64
Feb 02 18:48:32 Updated: 1:grub2-pc-2.02-0.76.el7.centos.1.x86_64
Feb 02 18:48:32 Updated: 32:bind-license-9.9.4-73.el7_6.noarch
Feb 02 18:48:34 Updated: kernel-headers-3.10.0-957.5.1.el7.x86_64
Feb 02 18:48:35 Updated: glibc-headers-2.17-260.el7_6.3.x86_64
Feb 02 18:48:36 Updated: glibc-devel-2.17-260.el7_6.3.x86_64
Feb 02 18:48:36 Updated: 32:bind-libs-lite-9.9.4-73.el7_6.x86_64
Feb 02 18:48:36 Updated: 1:grub2-2.02-0.76.el7.centos.1.x86_64
Feb 02 18:48:36 Updated: kernel-tools-3.10.0-957.5.1.el7.x86_64
Feb 02 18:48:37 Updated: openldap-2.4.44-21.el7_6.x86_64
Feb 02 18:48:37 Updated: krb5-devel-1.15.1-37.el7_6.x86_64
Feb 02 18:48:59 Updated: selinux-policy-targeted-3.13.1-229.el7_6.9.noarch
Feb 02 18:48:59 Updated: systemd-sysv-219-62.el7_6.3.x86_64
Feb 02 18:48:59 Updated: python-perf-3.10.0-957.5.1.el7.x86_64
Feb 02 18:49:07 Installed: kernel-3.10.0-957.5.1.el7.x86_64
